<?xml version="1.0" encoding="UTF-8"?>
<testng-results ignored="0" total="1" passed="1" failed="0" skipped="0">
  <reporter-output>
  </reporter-output>
  <suite started-at="2022-10-20T17:25:46 GMT-07:00" name="Default suite" finished-at="2022-10-20T17:25:56 GMT-07:00" duration-ms="9602">
    <groups>
    </groups>
    <test started-at="2022-10-20T17:25:46 GMT-07:00" name="Default test" finished-at="2022-10-20T17:25:56 GMT-07:00" duration-ms="9602">
      <class name="com.qa.tests.GoogleTest">
        <test-method signature="googleTitleTest()[pri:0, instance:com.qa.tests.GoogleTest@184cf7cf]" started-at="2022-10-20T17:25:46 GMT-07:00" name="googleTitleTest" finished-at="2022-10-20T17:25:56 GMT-07:00" duration-ms="9569" status="PASS">
          <reporter-output>
          </reporter-output>
        </test-method> <!-- googleTitleTest -->
      </class> <!-- com.qa.tests.GoogleTest -->
    </test> <!-- Default test -->
  </suite> <!-- Default suite -->
</testng-results>
